{"/home/ioann/projects/loader/src/index.js": {"path":"/home/ioann/projects/loader/src/index.js","statementMap":{"0":{"start":{"line":8,"column":0},"end":{"line":18,"column":3}},"1":{"start":{"line":10,"column":4},"end":{"line":13,"column":5}},"2":{"start":{"line":16,"column":4},"end":{"line":16,"column":24}},"3":{"start":{"line":20,"column":12},"end":{"line":20,"column":32}},"4":{"start":{"line":21,"column":0},"end":{"line":21,"column":6}},"5":{"start":{"line":23,"column":16},"end":{"line":40,"column":1}},"6":{"start":{"line":24,"column":24},"end":{"line":24,"column":67}},"7":{"start":{"line":25,"column":21},"end":{"line":25,"column":29}},"8":{"start":{"line":27,"column":22},"end":{"line":27,"column":50}},"9":{"start":{"line":28,"column":14},"end":{"line":28,"column":34}},"10":{"start":{"line":29,"column":25},"end":{"line":29,"column":47}},"11":{"start":{"line":31,"column":19},"end":{"line":31,"column":42}},"12":{"start":{"line":32,"column":19},"end":{"line":32,"column":42}},"13":{"start":{"line":34,"column":15},"end":{"line":34,"column":76}},"14":{"start":{"line":34,"column":60},"end":{"line":34,"column":65}},"15":{"start":{"line":36,"column":2},"end":{"line":38,"column":3}},"16":{"start":{"line":37,"column":4},"end":{"line":37,"column":26}},"17":{"start":{"line":39,"column":2},"end":{"line":39,"column":64}},"18":{"start":{"line":43,"column":14},"end":{"line":43,"column":27}},"19":{"start":{"line":44,"column":21},"end":{"line":44,"column":24}},"20":{"start":{"line":46,"column":18},"end":{"line":50,"column":3}},"21":{"start":{"line":52,"column":2},"end":{"line":102,"column":7}},"22":{"start":{"line":54,"column":6},"end":{"line":54,"column":26}},"23":{"start":{"line":55,"column":16},"end":{"line":55,"column":43}},"24":{"start":{"line":57,"column":31},"end":{"line":57,"column":55}},"25":{"start":{"line":58,"column":31},"end":{"line":58,"column":69}},"26":{"start":{"line":59,"column":6},"end":{"line":59,"column":37}},"27":{"start":{"line":61,"column":23},"end":{"line":86,"column":12}},"28":{"start":{"line":62,"column":8},"end":{"line":84,"column":11}},"29":{"start":{"line":63,"column":28},"end":{"line":63,"column":40}},"30":{"start":{"line":64,"column":32},"end":{"line":64,"column":53}},"31":{"start":{"line":67,"column":10},"end":{"line":69,"column":11}},"32":{"start":{"line":68,"column":12},"end":{"line":68,"column":58}},"33":{"start":{"line":71,"column":10},"end":{"line":83,"column":11}},"34":{"start":{"line":72,"column":12},"end":{"line":82,"column":16}},"35":{"start":{"line":77,"column":27},"end":{"line":77,"column":47}},"36":{"start":{"line":78,"column":30},"end":{"line":78,"column":63}},"37":{"start":{"line":79,"column":30},"end":{"line":79,"column":74}},"38":{"start":{"line":80,"column":14},"end":{"line":80,"column":67}},"39":{"start":{"line":81,"column":14},"end":{"line":81,"column":45}},"40":{"start":{"line":85,"column":8},"end":{"line":85,"column":19}},"41":{"start":{"line":88,"column":6},"end":{"line":92,"column":9}},"42":{"start":{"line":89,"column":8},"end":{"line":89,"column":33}},"43":{"start":{"line":91,"column":8},"end":{"line":91,"column":20}},"44":{"start":{"line":95,"column":23},"end":{"line":95,"column":40}},"45":{"start":{"line":96,"column":25},"end":{"line":96,"column":55}},"46":{"start":{"line":97,"column":24},"end":{"line":97,"column":74}},"47":{"start":{"line":98,"column":6},"end":{"line":98,"column":58}},"48":{"start":{"line":101,"column":6},"end":{"line":101,"column":18}}},"fnMap":{"0":{"name":"(anonymous_0)","decl":{"start":{"line":9,"column":12},"end":{"line":9,"column":13}},"loc":{"start":{"line":9,"column":39},"end":{"line":14,"column":3}},"line":9},"1":{"name":"(anonymous_1)","decl":{"start":{"line":15,"column":9},"end":{"line":15,"column":10}},"loc":{"start":{"line":15,"column":33},"end":{"line":17,"column":3}},"line":15},"2":{"name":"(anonymous_2)","decl":{"start":{"line":23,"column":16},"end":{"line":23,"column":17}},"loc":{"start":{"line":23,"column":36},"end":{"line":40,"column":1}},"line":23},"3":{"name":"(anonymous_3)","decl":{"start":{"line":34,"column":49},"end":{"line":34,"column":50}},"loc":{"start":{"line":34,"column":60},"end":{"line":34,"column":65}},"line":34},"4":{"name":"(anonymous_4)","decl":{"start":{"line":42,"column":15},"end":{"line":42,"column":16}},"loc":{"start":{"line":42,"column":36},"end":{"line":103,"column":1}},"line":42},"5":{"name":"(anonymous_5)","decl":{"start":{"line":53,"column":10},"end":{"line":53,"column":11}},"loc":{"start":{"line":53,"column":24},"end":{"line":93,"column":5}},"line":53},"6":{"name":"(anonymous_6)","decl":{"start":{"line":61,"column":51},"end":{"line":61,"column":52}},"loc":{"start":{"line":61,"column":65},"end":{"line":86,"column":7}},"line":61},"7":{"name":"(anonymous_7)","decl":{"start":{"line":62,"column":20},"end":{"line":62,"column":21}},"loc":{"start":{"line":62,"column":31},"end":{"line":84,"column":9}},"line":62},"8":{"name":"(anonymous_8)","decl":{"start":{"line":76,"column":20},"end":{"line":76,"column":21}},"loc":{"start":{"line":76,"column":37},"end":{"line":82,"column":13}},"line":76},"9":{"name":"(anonymous_9)","decl":{"start":{"line":88,"column":40},"end":{"line":88,"column":41}},"loc":{"start":{"line":88,"column":46},"end":{"line":90,"column":7}},"line":88},"10":{"name":"(anonymous_10)","decl":{"start":{"line":90,"column":15},"end":{"line":90,"column":16}},"loc":{"start":{"line":90,"column":26},"end":{"line":92,"column":7}},"line":90},"11":{"name":"(anonymous_11)","decl":{"start":{"line":94,"column":10},"end":{"line":94,"column":11}},"loc":{"start":{"line":94,"column":16},"end":{"line":99,"column":5}},"line":94},"12":{"name":"(anonymous_12)","decl":{"start":{"line":100,"column":11},"end":{"line":100,"column":12}},"loc":{"start":{"line":100,"column":22},"end":{"line":102,"column":5}},"line":100}},"branchMap":{"0":{"loc":{"start":{"line":27,"column":22},"end":{"line":27,"column":50}},"type":"binary-expr","locations":[{"start":{"line":27,"column":22},"end":{"line":27,"column":32}},{"start":{"line":27,"column":36},"end":{"line":27,"column":50}}],"line":27},"1":{"loc":{"start":{"line":36,"column":2},"end":{"line":38,"column":3}},"type":"if","locations":[{"start":{"line":36,"column":2},"end":{"line":38,"column":3}},{"start":{"line":36,"column":2},"end":{"line":38,"column":3}}],"line":36},"2":{"loc":{"start":{"line":39,"column":9},"end":{"line":39,"column":63}},"type":"cond-expr","locations":[{"start":{"line":39,"column":33},"end":{"line":39,"column":56}},{"start":{"line":39,"column":59},"end":{"line":39,"column":63}}],"line":39},"3":{"loc":{"start":{"line":67,"column":10},"end":{"line":69,"column":11}},"type":"if","locations":[{"start":{"line":67,"column":10},"end":{"line":69,"column":11}},{"start":{"line":67,"column":10},"end":{"line":69,"column":11}}],"line":67},"4":{"loc":{"start":{"line":71,"column":10},"end":{"line":83,"column":11}},"type":"if","locations":[{"start":{"line":71,"column":10},"end":{"line":83,"column":11}},{"start":{"line":71,"column":10},"end":{"line":83,"column":11}}],"line":71},"5":{"loc":{"start":{"line":71,"column":14},"end":{"line":71,"column":60}},"type":"binary-expr","locations":[{"start":{"line":71,"column":14},"end":{"line":71,"column":26}},{"start":{"line":71,"column":30},"end":{"line":71,"column":60}}],"line":71}},"s":{"0":1,"1":4,"2":0,"3":1,"4":1,"5":1,"6":5,"7":5,"8":5,"9":5,"10":5,"11":5,"12":5,"13":5,"14":28,"15":5,"16":1,"17":4,"18":1,"19":1,"20":1,"21":1,"22":1,"23":1,"24":1,"25":1,"26":1,"27":1,"28":3,"29":3,"30":3,"31":3,"32":3,"33":3,"34":3,"35":3,"36":3,"37":3,"38":3,"39":3,"40":3,"41":1,"42":1,"43":0,"44":1,"45":1,"46":1,"47":1,"48":0},"f":{"0":4,"1":0,"2":5,"3":28,"4":1,"5":1,"6":3,"7":3,"8":3,"9":1,"10":0,"11":1,"12":0},"b":{"0":[5,0],"1":[1,4],"2":[1,3],"3":[3,0],"4":[3,0],"5":[3,3]},"_coverageSchema":"1a1c01bbd47fc00a2c39e90264f33305004495a9","hash":"7067a71ed4e345692ec4b756584234839351f69f"}
}
