TN:
SF:src/index.js
FN:9,(anonymous_0)
FN:15,(anonymous_1)
FN:23,(anonymous_2)
FN:34,(anonymous_3)
FN:42,(anonymous_4)
FN:53,(anonymous_5)
FN:61,(anonymous_6)
FN:62,(anonymous_7)
FN:76,(anonymous_8)
FN:88,(anonymous_9)
FN:90,(anonymous_10)
FN:94,(anonymous_11)
FN:100,(anonymous_12)
FNF:13
FNH:10
FNDA:4,(anonymous_0)
FNDA:0,(anonymous_1)
FNDA:5,(anonymous_2)
FNDA:28,(anonymous_3)
FNDA:1,(anonymous_4)
FNDA:1,(anonymous_5)
FNDA:3,(anonymous_6)
FNDA:3,(anonymous_7)
FNDA:3,(anonymous_8)
FNDA:1,(anonymous_9)
FNDA:0,(anonymous_10)
FNDA:1,(anonymous_11)
FNDA:0,(anonymous_12)
DA:8,1
DA:10,4
DA:16,0
DA:20,1
DA:21,1
DA:23,1
DA:24,5
DA:25,5
DA:27,5
DA:28,5
DA:29,5
DA:31,5
DA:32,5
DA:34,28
DA:36,5
DA:37,1
DA:39,4
DA:43,1
DA:44,1
DA:46,1
DA:52,1
DA:54,1
DA:55,1
DA:57,1
DA:58,1
DA:59,1
DA:61,1
DA:62,3
DA:63,3
DA:64,3
DA:67,3
DA:68,3
DA:71,3
DA:72,3
DA:77,3
DA:78,3
DA:79,3
DA:80,3
DA:81,3
DA:85,3
DA:88,1
DA:89,1
DA:91,0
DA:95,1
DA:96,1
DA:97,1
DA:98,1
DA:101,0
LF:48
LH:45
BRDA:27,0,0,5
BRDA:27,0,1,0
BRDA:36,1,0,1
BRDA:36,1,1,4
BRDA:39,2,0,1
BRDA:39,2,1,3
BRDA:67,3,0,3
BRDA:67,3,1,0
BRDA:71,4,0,3
BRDA:71,4,1,0
BRDA:71,5,0,3
BRDA:71,5,1,3
BRF:12
BRH:9
end_of_record
